This is pdfTeX, Version 3.141592653-2.6-1.40.22 (TeX Live 2022/dev/Debian) (preloaded format=pdflatex 2023.5.30)  6 OCT 2023 17:23
entering extended mode
 restricted \write18 enabled.
 %&-line parsing enabled.
**utfpr-tcc.tex
(./utfpr-tcc.tex
LaTeX2e <2021-11-15> patch level 1
L3 programming layer <2022-01-21> (./configuracoes/utfpr-abntex2.cls
Document Class: configuracoes/utfpr-abntex2 2016/07/07 v1.0
(/usr/share/texlive/texmf-dist/tex/latex/abntex2/abntex2.cls
Document Class: abntex2 2018/11/24 v-1.9.7 abnTeX2
(/usr/share/texlive/texmf-dist/tex/latex/base/ifthen.sty
Package: ifthen 2020/11/24 v1.1c Standard LaTeX ifthen package (DPC)
)
(/usr/share/texlive/texmf-dist/tex/latex/memoir/memoir.cls
Document Class: memoir 2021/06/16 v3.7p configurable book, report, article docu
ment class
\onelineskip=\skip47
\lxvchars=\skip48
\xlvchars=\skip49
\@memcnta=\count185
\c@@memmarkcntra=\count186
(/usr/share/texlive/texmf-dist/tex/generic/iftex/iftex.sty
Package: iftex 2020/03/06 v1.0d TeX engine tests
)
\stockheight=\skip50
\stockwidth=\skip51
\trimtop=\skip52
\trimedge=\skip53

(/usr/share/texlive/texmf-dist/tex/latex/memoir/mem12.clo
File: mem12.clo 2010/10/19 v0.4b memoir class 12pt size option
)
\binding=\skip54
\spinemargin=\skip55
\foremargin=\skip56
\uppermargin=\skip57
\lowermargin=\skip58
\headdrop=\skip59
\normalrulethickness=\skip60
\mem@maxheadheight=\skip61
\mem@maxfootheight=\skip62
\headwidth=\skip63
\c@storedpagenumber=\count187
\memPD=\dimen138
\m@mabparskip=\skip64
\thanksmarkwidth=\skip65
\thanksmarksep=\skip66
\droptitle=\skip67
\c@book=\count188
\c@part=\count189
\c@chapter=\count190
\c@section=\count191
\c@subsection=\count192
\c@subsubsection=\count193
\c@paragraph=\count194
\c@subparagraph=\count195
\beforechapskip=\skip68
\midchapskip=\skip69
\afterchapskip=\skip70
\chapindent=\skip71
\bottomsectionskip=\skip72
\secindent=\skip73
\beforesecskip=\skip74
\aftersecskip=\skip75
\subsecindent=\skip76
\beforesubsecskip=\skip77
\aftersubsecskip=\skip78
\subsubsecindent=\skip79
\beforesubsubsecskip=\skip80
\aftersubsubsecskip=\skip81
\paraindent=\skip82
\beforeparaskip=\skip83
\afterparaskip=\skip84
\subparaindent=\skip85
\beforesubparaskip=\skip86
\aftersubparaskip=\skip87
\pfbreakskip=\skip88
\c@@ppsavesec=\count196
\c@@ppsaveapp=\count197
\ragrparindent=\dimen139
\everylistparindent=\dimen140
\parsepi=\skip89
\topsepi=\skip90
\itemsepi=\skip91
\parsepii=\skip92
\topsepii=\skip93
\topsepiii=\skip94
\itemsepii=\skip95
\itemsepiii=\skip96
\partopsepii=\skip97
\partopsepiii=\skip98
\m@msavetopsep=\skip99
\m@msavepartopsep=\skip100
\@enLab=\toks16
\abstitleskip=\skip101
\absleftindent=\skip102
\abs@leftindent=\dimen141
\absrightindent=\skip103
\absparindent=\skip104
\absparsep=\skip105
\c@vslineno=\count198
\c@poemline=\count199
\c@modulo@vs=\count266
\c@memfvsline=\count267
\vleftskip=\skip106
\vrightskip=\skip107
\stanzaskip=\skip108
\versewidth=\skip109
\vgap=\skip110
\vindent=\skip111
\vleftmargin=\dimen142
\c@verse=\count268
\c@chrsinstr=\count269
\beforepoemtitleskip=\skip112
\afterpoemtitleskip=\skip113
\c@poem=\count270
\beforePoemTitleskip=\skip114
\midPoemTitleskip=\skip115
\afterPoemTitleskip=\skip116

(/usr/share/texlive/texmf-dist/tex/latex/tools/array.sty
Package: array 2021/10/04 v2.5f Tabular extension package (FMi)
\col@sep=\dimen143
\ar@mcellbox=\box50
\extrarowheight=\dimen144
\NC@list=\toks17
\extratabsurround=\skip117
\backup@length=\skip118
\ar@cellbox=\box51
)
(/usr/share/texlive/texmf-dist/tex/latex/tools/dcolumn.sty
Package: dcolumn 2014/10/28 v1.06 decimal alignment package (DPC)
)
(/usr/share/texlive/texmf-dist/tex/latex/tools/delarray.sty
Package: delarray 2014/10/28 v1.01 array delimiter package (DPC)
)
(/usr/share/texlive/texmf-dist/tex/latex/tools/tabularx.sty
Package: tabularx 2020/01/15 v2.11c `tabularx' package (DPC)
\TX@col@width=\dimen145
\TX@old@table=\dimen146
\TX@old@col=\dimen147
\TX@target=\dimen148
\TX@delta=\dimen149
\TX@cols=\count271
\TX@ftn=\toks18
)
\heavyrulewidth=\dimen150
\lightrulewidth=\dimen151
\cmidrulewidth=\dimen152
\belowrulesep=\dimen153
\belowbottomsep=\dimen154
\aboverulesep=\dimen155
\abovetopsep=\dimen156
\cmidrulesep=\dimen157
\cmidrulekern=\dimen158
\defaultaddspace=\dimen159
\@cmidla=\count272
\@cmidlb=\count273
\@aboverulesep=\dimen160
\@belowrulesep=\dimen161
\@thisruleclass=\count274
\@lastruleclass=\count275
\@thisrulewidth=\dimen162
\ctableftskip=\skip119
\ctabrightskip=\skip120
\abovecolumnspenalty=\count276
\@linestogo=\count277
\@cellstogo=\count278
\@cellsincolumn=\count279
\crtok=\toks19
\@mincolumnwidth=\dimen163
\c@newflo@tctr=\count280
\mem@margin@floatbox=\box52
\@contcwidth=\skip121
\@contindw=\skip122
\abovecaptionskip=\skip123
\belowcaptionskip=\skip124
\subfloattopskip=\skip125
\subfloatcapskip=\skip126
\subfloatcaptopadj=\skip127
\subfloatbottomskip=\skip128
\subfloatlabelskip=\skip129
\subfloatcapmargin=\dimen164
\c@@contsubnum=\count281
\m@mscap@capbox=\box53
\m@mscap@fbox=\box54
\sidecapsep=\dimen165
\sidecapwidth=\dimen166
\m@m@tempdima=\dimen167
\m@mscapraise=\dimen168
\sidecapraise=\dimen169
\m@mscapmainwidth=\dimen170
\m@mscaplkern=\dimen171
\beforeepigraphskip=\skip130
\afterepigraphskip=\skip131
\epigraphwidth=\skip132
\epigraphrule=\skip133
LaTeX Info: Redefining \em on input line 7654.
LaTeX Info: Redefining \emph on input line 7662.
\tocentryskip=\skip134
\tocbaseline=\skip135
\cftparskip=\skip136
\cftbeforebookskip=\skip137
\cftbookindent=\dimen172
\cftbooknumwidth=\dimen173
\cftbeforepartskip=\skip138
\cftpartindent=\skip139
\cftpartnumwidth=\skip140
\cftbeforechapterskip=\skip141
\cftchapterindent=\skip142
\cftchapternumwidth=\skip143
\cftbeforesectionskip=\skip144
\cftsectionindent=\skip145
\cftsectionnumwidth=\skip146
\cftbeforesubsectionskip=\skip147
\cftsubsectionindent=\skip148
\cftsubsectionnumwidth=\skip149
\cftbeforesubsubsectionskip=\skip150
\cftsubsubsectionindent=\skip151
\cftsubsubsectionnumwidth=\skip152
\cftbeforeparagraphskip=\skip153
\cftparagraphindent=\skip154
\cftparagraphnumwidth=\skip155
\cftbeforesubparagraphskip=\skip156
\cftsubparagraphindent=\skip157
\cftsubparagraphnumwidth=\skip158
\prechapterprecisshift=\dimen174
\c@maxsecnumdepth=\count282
\bibindent=\dimen175
\bibitemsep=\skip159
\indexcolsep=\skip160
\indexrule=\skip161
\indexmarkstyle=\toks20
\@indexbox=\insert252
\glossarycolsep=\dimen176
\glossaryrule=\dimen177
\sideparvshift=\skip162
\sideins=\insert251
\sidebartopsep=\skip163
\sidebarhsep=\skip164
\sidebarvsep=\skip165
\sidebarwidth=\skip166
\footmarkwidth=\skip167
\footmarksep=\skip168
\footparindent=\skip169
\footinsdim=\skip170
\footinsv@r=\insert250
\@mpfootinsv@r=\insert249
\m@m@k=\count283
\m@m@h=\dimen178
\m@mipn@skip=\skip171
\sidefootins=\insert248
\sidefootadjust=\skip172
\sidefootheight=\skip173
\sidefoothsep=\skip174
\sidefootvsep=\skip175
\sidefootwidth=\skip176
\m@mdownsf=\skip177
\c@sidefootnote=\count284
\sidefootmarkwidth=\skip178
\sidefootmarksep=\skip179
\sidefootparindent=\skip180
\c@pagenote=\count285
\c@pagenoteshadow=\count286
\mem@pn@lastkern=\skip181
\every@verbatim=\toks21
\afterevery@verbatim=\toks22
\verbatim@line=\toks23
\tab@position=\count287
\verbatim@in@stream=\read2
\verbatimindent=\skip182
\verbatim@out=\write3
\bvboxsep=\skip183
\c@memfbvline=\count288
\c@bvlinectr=\count289
\bvnumlength=\skip184
\fb@frw=\dimen179
\fb@frh=\dimen180
\FrameRule=\dimen181
\FrameSep=\dimen182


LaTeX hooks Warning: Generic hook 'package/before/framed' is deprecated.
(hooks)              Use hook 'package/framed/before' instead.

\c@cp@cntr=\count290
\c@ism@mctr=\count291
\c@xsm@mctr=\count292
\c@csm@mctr=\count293
\c@ksm@mctr=\count294
\c@xksm@mctr=\count295
\c@cksm@mctr=\count296
\c@msm@mctr=\count297
\c@xmsm@mctr=\count298
\c@cmsm@mctr=\count299
\c@bsm@mctr=\count300
\c@workm@mctr=\count301
\c@sheetsequence=\count302
\c@lastsheet=\count303
\c@lastpage=\count304
(/usr/share/texlive/texmf-dist/tex/latex/textcase/textcase.sty
Package: textcase 2019/09/14 v1.00 Text only upper/lower case changing (DPC)
)
\c@figure=\count305
\c@lofdepth=\count306
\cftbeforefigureskip=\skip185
\cftfigureindent=\skip186
\cftfigurenumwidth=\skip187
\c@table=\count307
\c@lotdepth=\count308
\cftbeforetableskip=\skip188
\cfttableindent=\skip189
\cfttablenumwidth=\skip190
Package abstract [2008/07/23] emulated by memoir.
Package appendix [2008/07/23] emulated by memoir.
Package booktabs [2016/05/16] emulated by memoir.
Package ccaption [2008/07/23] emulated by memoir.
Package changepage [2008/07/23] emulated by memoir.
Package chngcntr [2008/07/23] emulated by memoir.
Package chngpage [2008/07/23] emulated by memoir.
Package crop emulated by memoir.
Package enumerate [2008/07/23] emulated by memoir.
Package epigraph [2008/07/23] emulated by memoir.
Package ifmtarg [2008/07/23] emulated by memoir.
Package index [2008/07/23] emulated by memoir.
Package makeidx [2008/07/23] emulated by memoir.
Package moreverb [2008/07/23] emulated by memoir.
Package needspace [2008/07/23] emulated by memoir.
Package newfile [2008/07/23] emulated by memoir.
Package nextpage [2008/07/23] emulated by memoir.
Package pagenote [2008/07/23] emulated by memoir.
Package parskip [2008/07/23] emulated by memoir.
Package patchcmd [2008/07/23] emulated by memoir.
Package setspace [2008/07/23] emulated by memoir.
Package shortvrb [2008/07/23] emulated by memoir.
Package showidx [2008/07/23] emulated by memoir.
Package titleref [2008/07/23] emulated by memoir.
Package titling [2008/07/23] emulated by memoir.
Package tocbibind [2008/07/23] emulated by memoir.
Package tocloft [2008/07/23] emulated by memoir.
Package tocvsec2 [2008/07/23] emulated by memoir.
Package verbatim [2008/07/23] emulated by memoir.
Package verse [2008/07/23] emulated by memoir.


LaTeX hooks Warning: Generic hook 'package/before/float' is deprecated.
(hooks)              Use hook 'package/float/before' instead.

) (/usr/share/texlive/texmf-dist/tex/latex/hyperref/hyperref.sty
Package: hyperref 2021-06-07 v7.00m Hypertext links for LaTeX

(/usr/share/texlive/texmf-dist/tex/generic/ltxcmds/ltxcmds.sty
Package: ltxcmds 2020-05-10 v1.25 LaTeX kernel commands for general use (HO)
)
(/usr/share/texlive/texmf-dist/tex/generic/pdftexcmds/pdftexcmds.sty
Package: pdftexcmds 2020-06-27 v0.33 Utility functions of pdfTeX for LuaTeX (HO
)

(/usr/share/texlive/texmf-dist/tex/generic/infwarerr/infwarerr.sty
Package: infwarerr 2019/12/03 v1.5 Providing info/warning/error messages (HO)
)
Package pdftexcmds Info: \pdf@primitive is available.
Package pdftexcmds Info: \pdf@ifprimitive is available.
Package pdftexcmds Info: \pdfdraftmode found.
)
(/usr/share/texlive/texmf-dist/tex/latex/graphics/keyval.sty
Package: keyval 2014/10/28 v1.15 key=value parser (DPC)
\KV@toks@=\toks24
)
(/usr/share/texlive/texmf-dist/tex/generic/kvsetkeys/kvsetkeys.sty
Package: kvsetkeys 2019/12/15 v1.18 Key value parser (HO)
)
(/usr/share/texlive/texmf-dist/tex/generic/kvdefinekeys/kvdefinekeys.sty
Package: kvdefinekeys 2019-12-19 v1.6 Define keys (HO)
)
(/usr/share/texlive/texmf-dist/tex/generic/pdfescape/pdfescape.sty
Package: pdfescape 2019/12/09 v1.15 Implements pdfTeX's escape features (HO)
)
(/usr/share/texlive/texmf-dist/tex/latex/hycolor/hycolor.sty
Package: hycolor 2020-01-27 v1.10 Color options for hyperref/bookmark (HO)
)
(/usr/share/texlive/texmf-dist/tex/latex/letltxmacro/letltxmacro.sty
Package: letltxmacro 2019/12/03 v1.6 Let assignment for LaTeX macros (HO)
)
(/usr/share/texlive/texmf-dist/tex/latex/auxhook/auxhook.sty
Package: auxhook 2019-12-17 v1.6 Hooks for auxiliary files (HO)
)
(/usr/share/texlive/texmf-dist/tex/latex/kvoptions/kvoptions.sty
Package: kvoptions 2020-10-07 v3.14 Key value format for package options (HO)
)
\@linkdim=\dimen183
\Hy@linkcounter=\count309
\Hy@pagecounter=\count310

(/usr/share/texlive/texmf-dist/tex/latex/hyperref/pd1enc.def
File: pd1enc.def 2021-06-07 v7.00m Hyperref: PDFDocEncoding definition (HO)
Now handling font encoding PD1 ...
... no UTF-8 mapping file for font encoding PD1
)
(/usr/share/texlive/texmf-dist/tex/latex/hyperref/hyperref-langpatches.def
File: hyperref-langpatches.def 2021-06-07 v7.00m Hyperref: patches for babel la
nguages
)
(/usr/share/texlive/texmf-dist/tex/generic/intcalc/intcalc.sty
Package: intcalc 2019/12/15 v1.3 Expandable calculations with integers (HO)
)
(/usr/share/texlive/texmf-dist/tex/generic/etexcmds/etexcmds.sty
Package: etexcmds 2019/12/15 v1.7 Avoid name clashes with e-TeX commands (HO)
)
\Hy@SavedSpaceFactor=\count311

(/usr/share/texlive/texmf-dist/tex/latex/hyperref/puenc.def
File: puenc.def 2021-06-07 v7.00m Hyperref: PDF Unicode definition (HO)
Now handling font encoding PU ...
... no UTF-8 mapping file for font encoding PU
)
Package hyperref Info: Hyper figures OFF on input line 4192.
Package hyperref Info: Link nesting OFF on input line 4197.
Package hyperref Info: Hyper index ON on input line 4200.
Package hyperref Info: Plain pages OFF on input line 4207.
Package hyperref Info: Backreferencing OFF on input line 4212.
Package hyperref Info: Implicit mode ON; LaTeX internals redefined.
Package hyperref Info: Bookmarks ON on input line 4445.
\c@Hy@tempcnt=\count312

(/usr/share/texlive/texmf-dist/tex/latex/url/url.sty
\Urlmuskip=\muskip16
Package: url 2013/09/16  ver 3.4  Verb mode for urls, etc.
)
LaTeX Info: Redefining \url on input line 4804.
\XeTeXLinkMargin=\dimen184

(/usr/share/texlive/texmf-dist/tex/generic/bitset/bitset.sty
Package: bitset 2019/12/09 v1.3 Handle bit-vector datatype (HO)

(/usr/share/texlive/texmf-dist/tex/generic/bigintcalc/bigintcalc.sty
Package: bigintcalc 2019/12/15 v1.5 Expandable calculations on big integers (HO
)
))
\Fld@menulength=\count313
\Field@Width=\dimen185
\Fld@charsize=\dimen186
Package hyperref Info: Hyper figures OFF on input line 6076.
Package hyperref Info: Link nesting OFF on input line 6081.
Package hyperref Info: Hyper index ON on input line 6084.
Package hyperref Info: backreferencing OFF on input line 6091.
Package hyperref Info: Link coloring OFF on input line 6096.
Package hyperref Info: Link coloring with OCG OFF on input line 6101.
Package hyperref Info: PDF/A mode OFF on input line 6106.
LaTeX Info: Redefining \ref on input line 6146.
LaTeX Info: Redefining \pageref on input line 6150.

(/usr/share/texlive/texmf-dist/tex/latex/base/atbegshi-ltx.sty
Package: atbegshi-ltx 2021/01/10 v1.0c Emulation of the original atbegshi
package with kernel methods
)
\Hy@abspage=\count314
\c@Item=\count315
\c@Hfootnote=\count316
)
(/usr/share/texlive/texmf-dist/tex/latex/memoir/memhfixc.sty
Package: memhfixc 2021/06/16 v1.19 nameref/hyperref package fixes for memoir cl
ass


LaTeX hooks Warning: Generic hook 'package/after/nameref' is deprecated.
(hooks)              Use hook 'package/nameref/after' instead.

\c@memhycontfloat=\count317
\c@Hpagenote=\count318

LaTeX hooks Warning: Generic hook 'package/after/hypcap' is deprecated.
(hooks)              Use hook 'package/hypcap/after' instead.

)
Package hyperref Info: Driver (autodetected): hpdftex.
 (/usr/share/texlive/texmf-dist/tex/latex/hyperref/hpdftex.def
File: hpdftex.def 2021-06-07 v7.00m Hyperref driver for pdfTeX

(/usr/share/texlive/texmf-dist/tex/latex/base/atveryend-ltx.sty
Package: atveryend-ltx 2020/08/19 v1.0a Emulation of the original atveryend pac
kage
with kernel methods
)
\Fld@listcount=\count319
\c@bookmark@seq@number=\count320

(/usr/share/texlive/texmf-dist/tex/latex/rerunfilecheck/rerunfilecheck.sty
Package: rerunfilecheck 2019/12/05 v1.9 Rerun checks for auxiliary files (HO)

(/usr/share/texlive/texmf-dist/tex/generic/uniquecounter/uniquecounter.sty
Package: uniquecounter 2019/12/15 v1.4 Provide unlimited unique counter (HO)
)
Package uniquecounter Info: New unique counter `rerunfilecheck' on input line 2
86.
)
\Hy@SectionHShift=\skip191
)
(/usr/share/texlive/texmf-dist/tex/latex/bookmark/bookmark.sty
Package: bookmark 2020-11-06 v1.29 PDF bookmarks (HO)

(/usr/share/texlive/texmf-dist/tex/latex/bookmark/bkm-pdftex.def
File: bkm-pdftex.def 2020-11-06 v1.29 bookmark driver for pdfTeX (HO)
\BKM@id=\count321
))
(/usr/share/texlive/texmf-dist/tex/generic/babel/babel.sty
Package: babel 2022/01/26 3.70 The Babel package
\babel@savecnt=\count322
\U@D=\dimen187
\l@unhyphenated=\language87

(/usr/share/texlive/texmf-dist/tex/generic/babel/txtbabel.def)
\bbl@readstream=\read3
\bbl@dirlevel=\count323

(/usr/share/texlive/texmf-dist/tex/generic/babel-portuges/brazil.ldf
Language: portuges 2021/07/09 v1.2t Portuguese support from the babel system
Package babel Info: Hyphen rules for 'brazil' set to \l@portuguese
(babel)             (\language22). Reported on input line 111.
Package babel Info: Making " an active character on input line 143.
))
(/usr/share/texlive/texmf-dist/tex/latex/enumitem/enumitem.sty
Package: enumitem 2019/06/20 v3.9 Customized lists
\labelindent=\skip192
\enit@outerparindent=\dimen188
\enit@toks=\toks25
\enit@inbox=\box55
\enit@count@id=\count324
\enitdp@description=\count325
)
(/usr/share/texlive/texmf-dist/tex/latex/tools/calc.sty
Package: calc 2017/05/25 v4.3 Infix arithmetic (KKT,FJ)
\calc@Acount=\count326
\calc@Bcount=\count327
\calc@Adimen=\dimen189
\calc@Bdimen=\dimen190
\calc@Askip=\skip193
\calc@Bskip=\skip194
LaTeX Info: Redefining \setlength on input line 80.
LaTeX Info: Redefining \addtolength on input line 81.
\calc@Ccount=\count328
\calc@Cskip=\skip195
)

******************************************************
Stock height and width: 845.04684pt by 597.50787pt
Top and edge trims: 0pt and 0pt
Page height and width: 845.04684pt by 597.50787pt
Text height and width: 708pt by 455pt
Spine and edge margins: 85.35826pt and 56.9055pt
Upper and lower margins: 85.35826pt and 51.68858pt
Headheight and headsep: 14.5pt and 19.8738pt
Footskip: 30pt
Columnsep and columnseprule: 10pt and 0pt
Marginparsep and marginparwidth: 7pt and 42.9055pt
Sidecapsep and sidecapwidth: 7pt and 42pt
Sidebarhsep and sidebarwidth: 7pt and 42pt
Sidebarvsep and sidebartopsep: 14.5pt and 0pt
Sidebarheight: 590.14995pt
Sidefoothsep and sidefootwidth: 7pt and 42pt
Sidefootvsep and sidefootheight: 14.5pt and 590.14995pt
******************************************************

\c@abntex@bookmarkcounter=\count329

LaTeX hooks Warning: Generic hook 'package/after/caption' is deprecated.
(hooks)              Use hook 'package/caption/after' instead.

\cftlastnumwidth=\skip196
\chapternamenumlength=\skip197
\ABNTEXcitacaorecuo=\skip198
\c@alineasi=\count330
\c@alineasii=\count331
\enitdp@alineas=\count332
\c@subalineasi=\count333
\enitdp@subalineas=\count334
\c@incisosi=\count335
\enitdp@incisos=\count336
\ABNTEXsignwidth=\skip199
\ABNTEXsignthickness=\skip256
\ABNTEXsignskip=\skip257
) (/usr/share/texlive/texmf-dist/tex/latex/hyperref/backref.sty
Package: backref 2021/02/04 v1.41 Bibliographical back referencing
)
(/usr/share/texlive/texmf-dist/tex/latex/graphics/graphicx.sty
Package: graphicx 2021/09/16 v1.2d Enhanced LaTeX Graphics (DPC,SPQR)

(/usr/share/texlive/texmf-dist/tex/latex/graphics/graphics.sty
Package: graphics 2021/03/04 v1.4d Standard LaTeX Graphics (DPC,SPQR)

(/usr/share/texlive/texmf-dist/tex/latex/graphics/trig.sty
Package: trig 2021/08/11 v1.11 sin cos tan (DPC)
)
(/usr/share/texlive/texmf-dist/tex/latex/graphics-cfg/graphics.cfg
File: graphics.cfg 2016/06/04 v1.11 sample graphics configuration
)
Package graphics Info: Driver file: pdftex.def on input line 107.

(/usr/share/texlive/texmf-dist/tex/latex/graphics-def/pdftex.def
File: pdftex.def 2020/10/05 v1.2a Graphics/color driver for pdftex
))
\Gin@req@height=\dimen191
\Gin@req@width=\dimen192
)
\c@quadro=\count337
\c@loqdepth=\count338
\cftbeforequadroskip=\skip258
\cftquadroindent=\skip259
\cftquadronumwidth=\skip260
)

LaTeX Warning: \include should only be used after \begin{document} on input lin
e 23.

(./configuracoes/pacotes.tex
(/usr/share/texlive/texmf-dist/tex/latex/abntex2/abntex2cite.sty
Package: abntex2cite 2018/11/24 v-1.9.7 abnTeX2

(/usr/share/texlive/texmf-dist/tex/latex/abntex2/abntex2abrev.sty)
\minimumbiblabelwidth=\skip261
\ABCIauxlen=\skip262
\c@ABCIaux=\count339
\c@ABCImax=\count340

(/usr/share/texlive/texmf-dist/tex/generic/iftex/ifpdf.sty
Package: ifpdf 2019/10/25 v3.4 ifpdf legacy package. Use iftex instead.
)
(/usr/share/texlive/texmf-dist/tex/generic/iftex/ifxetex.sty
Package: ifxetex 2019/10/25 v0.7 ifxetex legacy package. Use iftex instead.
)
(/usr/share/texlive/texmf-dist/tex/latex/relsize/relsize.sty
Package: relsize 2013/03/29 ver 4.1
)
\biblabelsep=\skip263
LaTeX Info: Redefining \newblock on input line 591.
LaTeX Info: Redefining \cite on input line 618.
\ABCItoken=\toks26
)
(/usr/share/texlive/texmf-dist/tex/latex/base/inputenc.sty
Package: inputenc 2021/02/14 v1.3d Input encoding file
\inpenc@prehook=\toks27
\inpenc@posthook=\toks28
)
(/usr/share/texlive/texmf-dist/tex/latex/base/fontenc.sty
Package: fontenc 2021/04/29 v2.0v Standard LaTeX package
)
(/usr/share/texlive/texmf-dist/tex/latex/graphics/color.sty
Package: color 2021/12/07 v1.3c Standard LaTeX Color (DPC)

(/usr/share/texlive/texmf-dist/tex/latex/graphics-cfg/color.cfg
File: color.cfg 2016/01/02 v1.6 sample color configuration
)
Package color Info: Driver file: pdftex.def on input line 149.
)
(/usr/share/texlive/texmf-dist/tex/latex/colortbl/colortbl.sty
Package: colortbl 2020/01/04 v1.0e Color table columns (DPC)
\everycr=\toks29
\minrowclearance=\skip264
)
(/usr/share/texlive/texmf-dist/tex/latex/float/float.sty
Package: float 2001/11/08 v1.3d Float enhancements (AL)
\c@float@type=\count341
\float@exts=\toks30
\float@box=\box56
\@float@everytoks=\toks31
\@floatcapt=\box57
)
(/usr/share/texlive/texmf-dist/tex/latex/was/icomma.sty
Package: icomma 2002/03/10 v2.0 (WaS)
)
(/usr/share/texlive/texmf-dist/tex/latex/tools/indentfirst.sty
Package: indentfirst 1995/11/23 v1.03 Indent first paragraph (DPC)
)
(/usr/share/texlive/texmf-dist/tex/latex/microtype/microtype.sty
Package: microtype 2021/12/10 v3.0b Micro-typographical refinements (RS)

(/usr/share/texlive/texmf-dist/tex/latex/etoolbox/etoolbox.sty
Package: etoolbox 2020/10/05 v2.5k e-TeX tools for LaTeX (JAW)
\etb@tempcnta=\count342
)
\MT@toks=\toks32
\MT@count=\count343
\MT@tempbox=\box58
LaTeX Info: Redefining \leftprotrusion on input line 1010.
LaTeX Info: Redefining \rightprotrusion on input line 1018.
LaTeX Info: Redefining \textls on input line 1173.
\MT@outer@kern=\dimen193
LaTeX Info: Redefining \textmicrotypecontext on input line 1759.
\MT@listname@count=\count344

(/usr/share/texlive/texmf-dist/tex/latex/microtype/microtype-pdftex.def
File: microtype-pdftex.def 2021/12/10 v3.0b Definitions specific to pdftex (RS)

LaTeX Info: Redefining \lsstyle on input line 897.
LaTeX Info: Redefining \lslig on input line 897.
\MT@outer@space=\skip265
)
Package microtype Info: Loading configuration file microtype.cfg.

(/usr/share/texlive/texmf-dist/tex/latex/microtype/microtype.cfg
File: microtype.cfg 2021/12/10 v3.0b microtype main configuration file (RS)
))
(/usr/share/texlive/texmf-dist/tex/latex/multirow/multirow.sty
Package: multirow 2021/03/15 v2.8 Span multiple rows of a table
\multirow@colwidth=\skip266
\multirow@cntb=\count345
\multirow@dima=\skip267
\bigstrutjot=\dimen194
)
(/usr/share/texlive/texmf-dist/tex/latex/subeqnarray/subeqnarray.sty
Package: subeqnarray 2004/04/15 v2.1c subeqnarray package
\c@subequation=\count346
)
(/usr/share/texlive/texmf-dist/tex/latex/lastpage/lastpage.sty
Package: lastpage 2021/09/03 v1.2n Refers to last page's name (HMM; JPG)
)
(/usr/share/texlive/texmf-dist/tex/latex/amsfonts/amsfonts.sty
Package: amsfonts 2013/01/14 v3.01 Basic AMSFonts support
\@emptytoks=\toks33
\symAMSa=\mathgroup4
\symAMSb=\mathgroup5
LaTeX Font Info:    Redeclaring math symbol \hbar on input line 98.
LaTeX Font Info:    Overwriting math alphabet `\mathfrak' in version `bold'
(Font)                  U/euf/m/n --> U/euf/b/n on input line 106.
)
(/usr/share/texlive/texmf-dist/tex/latex/amsfonts/amssymb.sty
Package: amssymb 2013/01/14 v3.01 AMS font symbols
)
(/usr/share/texlive/texmf-dist/tex/latex/amsmath/amsmath.sty
Package: amsmath 2021/10/15 v2.17l AMS math features
\@mathmargin=\skip268

For additional information on amsmath, use the `?' option.
(/usr/share/texlive/texmf-dist/tex/latex/amsmath/amstext.sty
Package: amstext 2021/08/26 v2.01 AMS text

(/usr/share/texlive/texmf-dist/tex/latex/amsmath/amsgen.sty
File: amsgen.sty 1999/11/30 v2.0 generic functions
\@emptytoks=\toks34
\ex@=\dimen195
))
(/usr/share/texlive/texmf-dist/tex/latex/amsmath/amsbsy.sty
Package: amsbsy 1999/11/29 v1.2d Bold Symbols
\pmbraise@=\dimen196
)
(/usr/share/texlive/texmf-dist/tex/latex/amsmath/amsopn.sty
Package: amsopn 2021/08/26 v2.02 operator names
)
\inf@bad=\count347
LaTeX Info: Redefining \frac on input line 234.
\uproot@=\count348
\leftroot@=\count349
LaTeX Info: Redefining \overline on input line 399.
\classnum@=\count350
\DOTSCASE@=\count351
LaTeX Info: Redefining \ldots on input line 496.
LaTeX Info: Redefining \dots on input line 499.
LaTeX Info: Redefining \cdots on input line 620.
\Mathstrutbox@=\box59
\strutbox@=\box60
\big@size=\dimen197
LaTeX Font Info:    Redeclaring font encoding OML on input line 743.
LaTeX Font Info:    Redeclaring font encoding OMS on input line 744.
\macc@depth=\count352
\c@MaxMatrixCols=\count353
\dotsspace@=\muskip17
\c@parentequation=\count354
\dspbrk@lvl=\count355
\tag@help=\toks35
\row@=\count356
\column@=\count357
\maxfields@=\count358
\andhelp@=\toks36
\eqnshift@=\dimen198
\alignsep@=\dimen199
\tagshift@=\dimen256
\tagwidth@=\dimen257
\totwidth@=\dimen258
\lineht@=\dimen259
\@envbody=\toks37
\multlinegap=\skip269
\multlinetaggap=\skip270
\mathdisplay@stack=\toks38
LaTeX Info: Redefining \[ on input line 2938.
LaTeX Info: Redefining \] on input line 2939.
)
(/usr/share/texlive/texmf-dist/tex/latex/algorithm2e/algorithm2e.sty
Package: algorithm2e 2017/07/18 v5.2 algorithms environments
\c@AlgoLine=\count359
\algocf@hangindent=\skip271

(/usr/share/texlive/texmf-dist/tex/latex/ifoddpage/ifoddpage.sty
Package: ifoddpage 2016/04/23 v1.1 Conditionals for odd/even page detection
\c@checkoddpage=\count360
LaTeX Info: Redefining \checkoddpage on input line 45.
)
(/usr/share/texlive/texmf-dist/tex/latex/tools/xspace.sty
Package: xspace 2014/10/28 v1.13 Space after command names (DPC,MH)
)
\skiptotal=\skip272
\skiplinenumber=\skip273
\skiprule=\skip274
\skiphlne=\skip275
\skiptext=\skip276
\skiplength=\skip277
\algomargin=\skip278
\skipalgocfslide=\skip279
\algowidth=\dimen260
\inoutsize=\dimen261
\inoutindent=\dimen262
\interspacetitleruled=\dimen263
\interspacealgoruled=\dimen264
\interspacetitleboxruled=\dimen265
\algocf@ruledwidth=\skip280
\algocf@inoutbox=\box61
\algocf@inputbox=\box62
\AlCapSkip=\skip281
\AlCapHSkip=\skip282
\algoskipindent=\skip283
\algocf@nlbox=\box63
\algocf@hangingbox=\box64
\algocf@untilbox=\box65
\algocf@skipuntil=\skip284
\algocf@capbox=\box66
\algocf@lcaptionbox=\skip285
\algoheightruledefault=\skip286
\algoheightrule=\skip287
\algotitleheightruledefault=\skip288
\algotitleheightrule=\skip289
\c@algocfline=\count361
\c@algocfproc=\count362
\c@algocf=\count363
\algocf@algoframe=\box67
\algocf@algobox=\box68
)
(/usr/share/texlive/texmf-dist/tex/latex/psnfss/times.sty
Package: times 2020/03/25 PSNFSS-v9.3 (SPQR) 
)
(/usr/share/texlive/texmf-dist/tex/latex/footmisc/footmisc.sty
Package: footmisc 2011/06/06 v5.5b a miscellany of footnote facilities
\FN@temptoken=\toks39
\footnotemargin=\dimen266


LaTeX Warning: Command \@makecol  has changed.
               Check if current package is valid.

\c@pp@next@reset=\count364
Package footmisc Info: Declaring symbol style bringhurst on input line 855.
Package footmisc Info: Declaring symbol style chicago on input line 863.
Package footmisc Info: Declaring symbol style wiley on input line 872.
Package footmisc Info: Declaring symbol style lamport-robust on input line 883.

Package footmisc Info: Declaring symbol style lamport* on input line 903.
Package footmisc Info: Declaring symbol style lamport*-robust on input line 924
.
) (/usr/share/texlive/texmf-dist/tex/latex/ae/ae.sty
Package: ae 2001/02/12 1.3 Almost European Computer Modern

(/usr/share/texlive/texmf-dist/tex/latex/base/fontenc.sty
Package: fontenc 2021/04/29 v2.0v Standard LaTeX package
LaTeX Font Info:    Trying to load font information for T1+ptm on input line 11
2.

(/usr/share/texlive/texmf-dist/tex/latex/psnfss/t1ptm.fd
File: t1ptm.fd 2001/06/04 font definitions for T1/ptm.
)))
(/usr/share/texlive/texmf-dist/tex/latex/ae/aecompl.sty
Package: aecompl 1998/07/23 0.9 T1 Complements for AE fonts (D. Roegel)
)
(/usr/share/texlive/texmf-dist/tex/latex/base/latexsym.sty
Package: latexsym 1998/08/17 v2.2e Standard LaTeX package (lasy symbols)
\symlasy=\mathgroup6
LaTeX Font Info:    Overwriting symbol font `lasy' in version `bold'
(Font)                  U/lasy/m/n --> U/lasy/b/n on input line 52.
)
(/usr/share/texlive/texmf-dist/tex/latex/graphics/lscape.sty
Package: lscape 2020/05/28 v3.02 Landscape Pages (DPC)
)
(/usr/share/texlive/texmf-dist/tex/latex/listings/listings.sty
\lst@mode=\count365
\lst@gtempboxa=\box69
\lst@token=\toks40
\lst@length=\count366
\lst@currlwidth=\dimen267
\lst@column=\count367
\lst@pos=\count368
\lst@lostspace=\dimen268
\lst@width=\dimen269
\lst@newlines=\count369
\lst@lineno=\count370
\lst@maxwidth=\dimen270

(/usr/share/texlive/texmf-dist/tex/latex/listings/lstmisc.sty
File: lstmisc.sty 2020/03/24 1.8d (Carsten Heinz)
\c@lstnumber=\count371
\lst@skipnumbers=\count372
\lst@framebox=\box70
)
(/usr/share/texlive/texmf-dist/tex/latex/listings/listings.cfg
File: listings.cfg 2020/03/24 1.8d listings configuration
))
Package: listings 2020/03/24 1.8d (Carsten Heinz)
)

LaTeX Warning: \include should only be used after \begin{document} on input lin
e 24.

(./configuracoes/configuracoes-pdf.tex
Package hyperref Info: Option `colorlinks' set `true' on input line 14.
Package hyperref Info: Option `breaklinks' set `true' on input line 14.
Package color Info: Redefining color blue on input line 18.
\utfpr-tcc@idxfile=\write4
\openout4 = `utfpr-tcc.idx'.


Writing index file utfpr-tcc.idx 
(/usr/share/texlive/texmf-dist/tex/latex/listings/lstlang1.sty
File: lstlang1.sty 2020/03/24 1.8d listings language file
))

LaTeX Warning: \include should only be used after \begin{document} on input lin
e 30.

(./estrutura/pre-textuais/capa.tex)

LaTeX Warning: \include should only be used after \begin{document} on input lin
e 31.

(./estrutura/pre-textuais/folha-rosto.tex)
LaTeX Font Info:    Trying to load font information for T1+aess on input line 3
4.

(/usr/share/texlive/texmf-dist/tex/latex/ae/t1aess.fd
File: t1aess.fd 1997/11/16 Font definitions for T1/aess.
)
(/usr/share/texlive/texmf-dist/tex/latex/l3backend/l3backend-pdftex.def
File: l3backend-pdftex.def 2022-01-12 L3 backend support: PDF output (pdfTeX)
\l__color_backend_stack_int=\count373
\l__pdf_internal_box=\box71
)
(./utfpr-tcc.aux (./estrutura/pre-textuais/resumo.aux)
(./estrutura/pre-textuais/abstract.aux)
(./estrutura/pre-textuais/listas/listas-ilustracoes/lista-figuras.aux)
(./estrutura/pre-textuais/listas/listas-ilustracoes/lista-quadros.aux)
(./estrutura/pre-textuais/listas/listas-diversas/lista-algoritmos.aux)
(./estrutura/pre-textuais/sumario.aux) (./estrutura/textuais/introducao.aux)
(./estrutura/textuais/desenvolvimento/revisao-de-literatura.aux)
(./estrutura/textuais/desenvolvimento/metodologia.aux)
(./estrutura/textuais/desenvolvimento/resultados.aux)
(./estrutura/textuais/conclusao.aux) (./estrutura/pos-textuais/referencias.aux)
)
\openout1 = `utfpr-tcc.aux'.

LaTeX Font Info:    Checking defaults for OML/cmm/m/it on input line 34.
LaTeX Font Info:    ... okay on input line 34.
LaTeX Font Info:    Checking defaults for OMS/cmsy/m/n on input line 34.
LaTeX Font Info:    ... okay on input line 34.
LaTeX Font Info:    Checking defaults for OT1/cmr/m/n on input line 34.
LaTeX Font Info:    ... okay on input line 34.
LaTeX Font Info:    Checking defaults for T1/cmr/m/n on input line 34.
LaTeX Font Info:    ... okay on input line 34.
LaTeX Font Info:    Checking defaults for TS1/cmr/m/n on input line 34.
LaTeX Font Info:    ... okay on input line 34.
LaTeX Font Info:    Checking defaults for OMX/cmex/m/n on input line 34.
LaTeX Font Info:    ... okay on input line 34.
LaTeX Font Info:    Checking defaults for U/cmr/m/n on input line 34.
LaTeX Font Info:    ... okay on input line 34.
LaTeX Font Info:    Checking defaults for PD1/pdf/m/n on input line 34.
LaTeX Font Info:    ... okay on input line 34.
LaTeX Font Info:    Checking defaults for PU/pdf/m/n on input line 34.
LaTeX Font Info:    ... okay on input line 34.
Package hyperref Info: Link coloring ON on input line 34.
 (/usr/share/texlive/texmf-dist/tex/latex/hyperref/nameref.sty
Package: nameref 2021-04-02 v2.47 Cross-referencing by name of section

(/usr/share/texlive/texmf-dist/tex/latex/refcount/refcount.sty
Package: refcount 2019/12/15 v3.6 Data extraction from label references (HO)
)
(/usr/share/texlive/texmf-dist/tex/generic/gettitlestring/gettitlestring.sty
Package: gettitlestring 2019/12/15 v1.6 Cleanup title references (HO)
)
\c@section@level=\count374
)
Redoing nameref's sectioning
Redoing nameref's label
LaTeX Info: Redefining \nameref on input line 34.
LaTeX Info: Redefining \ref on input line 34.
LaTeX Info: Redefining \pageref on input line 34.
LaTeX Info: Redefining \nameref on input line 34.
\myptabbox=\box72
\myptabboxwidth=\skip290
(/usr/share/texlive/texmf-dist/tex/context/base/mkii/supp-pdf.mkii
[Loading MPS to PDF converter (version 2006.09.02).]
\scratchcounter=\count375
\scratchdimen=\dimen271
\scratchbox=\box73
\nofMPsegments=\count376
\nofMParguments=\count377
\everyMPshowfont=\toks41
\MPscratchCnt=\count378
\MPscratchDim=\dimen272
\MPnumerator=\count379
\makeMPintoPDFobject=\count380
\everyMPtoPDFconversion=\toks42
) (/usr/share/texlive/texmf-dist/tex/latex/epstopdf-pkg/epstopdf-base.sty
Package: epstopdf-base 2020-01-24 v2.11 Base part for package epstopdf
Package epstopdf-base Info: Redefining graphics rule for `.eps' on input line 4
85.

(/usr/share/texlive/texmf-dist/tex/latex/latexconfig/epstopdf-sys.cfg
File: epstopdf-sys.cfg 2010/07/13 v1.3 Configuration of (r)epstopdf for TeX Liv
e
))
LaTeX Info: Redefining \microtypecontext on input line 34.
Package microtype Info: Applying patch `item' on input line 34.
Package microtype Info: Applying patch `toc' on input line 34.
Package microtype Info: Applying patch `eqnum' on input line 34.


Package microtype Warning: Unable to apply patch `footnote' on input line 34.

Package microtype Info: Generating PDF output.
Package microtype Info: Character protrusion enabled (level 2).
Package microtype Info: Using default protrusion set `alltext'.
Package microtype Info: Automatic font expansion enabled (level 2),
(microtype)             stretch: 20, shrink: 20, step: 1, non-selected.
Package microtype Info: Using default expansion set `alltext-nott'.
LaTeX Info: Redefining \showhyphens on input line 34.
Package microtype Info: No adjustment of tracking.
Package microtype Info: No adjustment of interword spacing.
Package microtype Info: No adjustment of character kerning.
Package microtype Info: Loading generic protrusion settings for font family
(microtype)             `aess' (encoding: T1).
(microtype)             For optimal results, create family-specific settings.
(microtype)             See the microtype manual for details.
Package lastpage Info: Please have a look at the pageslts package at
(lastpage)             https://www.ctan.org/pkg/pageslts
(lastpage)             ! on input line 34.
\c@lstlisting=\count381
LaTeX Font Info:    Font shape `T1/aess/b/n' in size <12> not available
(Font)              Font shape `T1/aess/bx/n' tried instead on input line 37.
LaTeX Font Info:    Font shape `T1/aess/b/n' in size <14.4> not available
(Font)              Font shape `T1/aess/bx/n' tried instead on input line 37.
[1

{/var/lib/texmf/fonts/map/pdftex/updmap/pdftex.map}]
(/usr/share/texlive/texmf-dist/tex/latex/microtype/mt-cmr.cfg
File: mt-cmr.cfg 2013/05/19 v2.2 microtype config. file: Computer Modern Roman 
(RS)
)
LaTeX Font Info:    Trying to load font information for U+msa on input line 48.


(/usr/share/texlive/texmf-dist/tex/latex/amsfonts/umsa.fd
File: umsa.fd 2013/01/14 v3.01 AMS symbols A
)
(/usr/share/texlive/texmf-dist/tex/latex/microtype/mt-msa.cfg
File: mt-msa.cfg 2006/02/04 v1.1 microtype config. file: AMS symbols (a) (RS)
)
LaTeX Font Info:    Trying to load font information for U+msb on input line 48.


(/usr/share/texlive/texmf-dist/tex/latex/amsfonts/umsb.fd
File: umsb.fd 2013/01/14 v3.01 AMS symbols B
)
(/usr/share/texlive/texmf-dist/tex/latex/microtype/mt-msb.cfg
File: mt-msb.cfg 2005/06/01 v1.0 microtype config. file: AMS symbols (b) (RS)
)
LaTeX Font Info:    Trying to load font information for U+lasy on input line 48
.

(/usr/share/texlive/texmf-dist/tex/latex/base/ulasy.fd
File: ulasy.fd 1998/08/17 v2.2e LaTeX symbol font definitions
)
Overfull \hbox (1.04799pt too wide) in paragraph at lines 48--48
[][]  
 []

<estrutura/pre-textuais/CreativeCommonsLogos/CC_BY_NC_ND.png, id=11, 97.0827pt 
x 33.9669pt>
File: estrutura/pre-textuais/CreativeCommonsLogos/CC_BY_NC_ND.png Graphic file 
(type png)
<use estrutura/pre-textuais/CreativeCommonsLogos/CC_BY_NC_ND.png>
Package pdftex.def Info: estrutura/pre-textuais/CreativeCommonsLogos/CC_BY_NC_N
D.png  used on input line 48.
(pdftex.def)             Requested size: 85.35826pt x 29.86607pt.

Overfull \hbox (5.03687pt too wide) in paragraph at lines 48--48
[][] 
 []

pdfTeX warning (ext4): destination with the same identifier (name{page.}) has b
een already used, duplicate ignored
<to be read again> 
                   \relax 
l.55 	\include{estrutura/pre-textuais/resumo}
                                                          			   % Resumo em ...
[2


 <./estrutura/pre-textuais/CreativeCommonsLogos/CC_BY_NC_ND.png>]
\openout2 = `estrutura/pre-textuais/resumo.aux'.


(./estrutura/pre-textuais/resumo.tex
Underfull \hbox (badness 10000) in paragraph at lines 7--9

 []

LaTeX Font Info:    Font shape `T1/aess/m/it' in size <12> not available
(Font)              Font shape `T1/aess/m/sl' tried instead on input line 10.

Underfull \hbox (badness 10000) in paragraph at lines 10--12

 []

pdfTeX warning (ext4): destination with the same identifier (name{page.}) has b
een already used, duplicate ignored
<to be read again> 
                   \relax 
l.16 \end{resumo}
                  [3

])
\openout2 = `estrutura/pre-textuais/abstract.aux'.

 (./estrutura/pre-textuais/abstract.tex
Underfull \hbox (badness 10000) in paragraph at lines 7--9

 []


Underfull \hbox (badness 10000) in paragraph at lines 10--12

 []

pdfTeX warning (ext4): destination with the same identifier (name{page.}) has b
een already used, duplicate ignored
<to be read again> 
                   \relax 
l.16 \end{resumo}
                  [4




])
\openout2 = `estrutura/pre-textuais/listas/listas-ilustracoes/lista-figuras.aux
'.


(./estrutura/pre-textuais/listas/listas-ilustracoes/lista-figuras.tex
(./utfpr-tcc.lof)pdfTeX warning (ext4): destination with the same identifier (n
ame{page.}) has been already used, duplicate ignored
<to be read again> 
                   \relax 
l.5 \cleardoublepage
                     [5




])
\openout2 = `estrutura/pre-textuais/listas/listas-ilustracoes/lista-quadros.aux
'.


(./estrutura/pre-textuais/listas/listas-ilustracoes/lista-quadros.tex
(./utfpr-tcc.loq)pdfTeX warning (ext4): destination with the same identifier (n
ame{page.}) has been already used, duplicate ignored
<to be read again> 
                   \relax 
l.7 \cleardoublepage
                     [6




])
\openout2 = `estrutura/pre-textuais/listas/listas-diversas/lista-algoritmos.aux
'.


(./estrutura/pre-textuais/listas/listas-diversas/lista-algoritmos.tex
\c@loadepth=\count382
\cftbeforealgocfskip=\skip291
\cftalgocfindent=\skip292
\cftalgocfnumwidth=\skip293

(./utfpr-tcc.loa)pdfTeX warning (ext4): destination with the same identifier (n
ame{page.}) has been already used, duplicate ignored
<to be read again> 
                   \relax 
l.16 \cleardoublepage
                      [7





])
\openout2 = `estrutura/pre-textuais/sumario.aux'.

 (./estrutura/pre-textuais/sumario.tex
(./utfpr-tcc.tocpdfTeX warning (ext4): destination with the same identifier (na
me{page.}) has been already used, duplicate ignored
<to be read again> 
                   \relax 
l.46 ...e {chapter}{Refer\^encias}{51}{chapter*.8}
                                                  % [8




])pdfTeX warning (ext4): destination with the same identifier (name{page.}) has
 been already used, duplicate ignored
<to be read again> 
                   \relax 
l.7 \cleardoublepage
                     [9])
\openout2 = `estrutura/textuais/introducao.aux'.

 (./estrutura/textuais/introducao.tex [1





]

LaTeX Warning: Reference `chap:proposta' on page 2 undefined on input line 40.


LaTeX Warning: Reference `chap:cronograma' on page 2 undefined on input line 40
.

)
LaTeX Font Info:    Font shape `T1/aess/m/it' in size <10> not available
(Font)              Font shape `T1/aess/m/sl' tried instead on input line 67.
 [2]
\openout2 = `estrutura/textuais/desenvolvimento/revisao-de-literatura.aux'.

 (./estrutura/textuais/desenvolvimento/revisao-de-literatura.tex
LaTeX Font Info:    Trying to load font information for TS1+aess on input line 
24.
LaTeX Font Info:    No file TS1aess.fd. on input line 24.


LaTeX Font Warning: Font shape `TS1/aess/m/n' undefined
(Font)              using `TS1/cmr/m/n' instead
(Font)              for symbol `textordmasculine' on input line 24.

Package microtype Info: Loading generic protrusion settings for font family
(microtype)             `aess' (encoding: TS1).
(microtype)             For optimal results, create family-specific settings.
(microtype)             See the microtype manual for details.
[3




]) [4]
\openout2 = `estrutura/textuais/desenvolvimento/metodologia.aux'.

 (./estrutura/textuais/desenvolvimento/metodologia.tex [5




]
(./estrutura/textuais/incrementos/incremento1.tex [6pdfTeX warning (ext4): dest
ination with the same identifier (name{algocf.1}) has been already used, duplic
ate ignored
<argument> ...shipout:D \box_use:N \l_shipout_box 
                                                  \__shipout_drop_firstpage_...
l.36 
     ]) (./estrutura/textuais/incrementos/incremento2.tex [7] [8pdfTeX warning 
(ext4): destination with the same identifier (name{quadro.3.1}) has been alread
y used, duplicate ignored
<argument> ...shipout:D \box_use:N \l_shipout_box 
                                                  \__shipout_drop_firstpage_...
l.50 
     ]
<./dados/figuras/constantes.png, id=363, 193.6836pt x 204.0423pt>
File: ./dados/figuras/constantes.png Graphic file (type png)
<use ./dados/figuras/constantes.png>
Package pdftex.def Info: ./dados/figuras/constantes.png  used on input line 91.

(pdftex.def)             Requested size: 455.0pt x 479.39978pt.
 [9pdfTeX warning (ext4): destination with the same identifier (name{quadro.3.2
}) has been already used, duplicate ignored
<argument> ...shipout:D \box_use:N \l_shipout_box 
                                                  \__shipout_drop_firstpage_...
l.96 
     ] [10pdfTeX warning (ext4): destination with the same identifier (name{fig
ure.3.1}) has been already used, duplicate ignored
<argument> ...shipout:D \box_use:N \l_shipout_box 
                                                  \__shipout_drop_firstpage_...
l.102 
       <./dados/figuras/constantes.png>]
<./dados/figuras/restricoes.png, id=376, 169.5936pt x 204.0423pt>
File: ./dados/figuras/restricoes.png Graphic file (type png)
<use ./dados/figuras/restricoes.png>
Package pdftex.def Info: ./dados/figuras/restricoes.png  used on input line 108
.
(pdftex.def)             Requested size: 455.0pt x 547.51854pt.
 [11pdfTeX warning (ext4): destination with the same identifier (name{figure.3.
2}) has been already used, duplicate ignored
<argument> ...shipout:D \box_use:N \l_shipout_box 
                                                  \__shipout_drop_firstpage_...
l.113 
       <./dados/figuras/restricoes.png>]
<./dados/figuras/regioes.png, id=383, 169.5936pt x 204.0423pt>
File: ./dados/figuras/regioes.png Graphic file (type png)
<use ./dados/figuras/regioes.png>
Package pdftex.def Info: ./dados/figuras/regioes.png  used on input line 125.
(pdftex.def)             Requested size: 455.0pt x 547.51854pt.
 [12] [13pdfTeX warning (ext4): destination with the same identifier (name{figu
re.3.3}) has been already used, duplicate ignored
<argument> ...shipout:D \box_use:N \l_shipout_box 
                                                  \__shipout_drop_firstpage_...
l.134 
       <./dados/figuras/regioes.png>]
<./dados/figuras/gruposAlinhamento.png, id=396, 166.4619pt x 61.1886pt>
File: ./dados/figuras/gruposAlinhamento.png Graphic file (type png)
<use ./dados/figuras/gruposAlinhamento.png>
Package pdftex.def Info: ./dados/figuras/gruposAlinhamento.png  used on input l
ine 144.
(pdftex.def)             Requested size: 455.0pt x 167.27383pt.
 [14pdfTeX warning (ext4): destination with the same identifier (name{figure.3.
4}) has been already used, duplicate ignored
<argument> ...shipout:D \box_use:N \l_shipout_box 
                                                  \__shipout_drop_firstpage_...
l.149 
       <./dados/figuras/gruposAlinhamento.png>]
<./dados/figuras/alinhados.png, id=404, 152.2488pt x 191.5155pt>
File: ./dados/figuras/alinhados.png Graphic file (type png)
<use ./dados/figuras/alinhados.png>
Package pdftex.def Info: ./dados/figuras/alinhados.png  used on input line 155.

(pdftex.def)             Requested size: 455.0pt x 572.45853pt.
 [15pdfTeX warning (ext4): destination with the same identifier (name{figure.3.
5}) has been already used, duplicate ignored
<argument> ...shipout:D \box_use:N \l_shipout_box 
                                                  \__shipout_drop_firstpage_...
l.160 
       <./dados/figuras/alinhados.png>]

LaTeX Font Warning: Font shape `TS1/aess/b/n' undefined
(Font)              using `TS1/aess/m/n' instead
(Font)              for symbol `textordmasculine' on input line 174.

<./dados/figuras/preferencias.png, id=413, 902.37125pt x 234.8775pt>
File: ./dados/figuras/preferencias.png Graphic file (type png)
<use ./dados/figuras/preferencias.png>
Package pdftex.def Info: ./dados/figuras/preferencias.png  used on input line 2
07.
(pdftex.def)             Requested size: 455.0pt x 118.43478pt.
[16pdfTeX warning (ext4): destination with the same identifier (name{quadro.3.3
}) has been already used, duplicate ignored
<argument> ...shipout:D \box_use:N \l_shipout_box 
                                                  \__shipout_drop_firstpage_...
l.219 
      ]
<./dados/figuras/minimos_configurados.png, id=424, 1927.2pt x 702.625pt>
File: ./dados/figuras/minimos_configurados.png Graphic file (type png)
<use ./dados/figuras/minimos_configurados.png>
Package pdftex.def Info: ./dados/figuras/minimos_configurados.png  used on inpu
t line 223.
(pdftex.def)             Requested size: 455.0pt x 165.8781pt.
 [17pdfTeX warning (ext4): destination with the same identifier (name{figure.3.
6}) has been already used, duplicate ignored
<argument> ...shipout:D \box_use:N \l_shipout_box 
                                                  \__shipout_drop_firstpage_...
l.276 
      pdfTeX warning (ext4): destination with the same identifier (name{figure.
3.7}) has been already used, duplicate ignored
<argument> ...shipout:D \box_use:N \l_shipout_box 
                                                  \__shipout_drop_firstpage_...
l.276 
       <./dados/figuras/preferencias.png> <./dados/figuras/minimos_configurados
.png>] [18pdfTeX warning (ext4): destination with the same identifier (name{alg
ocf.2}) has been already used, duplicate ignored
<argument> ...shipout:D \box_use:N \l_shipout_box 
                                                  \__shipout_drop_firstpage_...
l.276 
      ]) (./estrutura/textuais/incrementos/incremento3.tex
<./dados/figuras/ER_horario_INCREMENTO3.png, id=441, 1757.56625pt x 1215.54124p
t>
File: ./dados/figuras/ER_horario_INCREMENTO3.png Graphic file (type png)
<use ./dados/figuras/ER_horario_INCREMENTO3.png>
Package pdftex.def Info: ./dados/figuras/ER_horario_INCREMENTO3.png  used on in
put line 14.
(pdftex.def)             Requested size: 455.0pt x 314.67929pt.
 [19]
<./dados/figuras/sql_validacao.png, id=449, 1223.57124pt x 553.06625pt>
File: ./dados/figuras/sql_validacao.png Graphic file (type png)
<use ./dados/figuras/sql_validacao.png>
Package pdftex.def Info: ./dados/figuras/sql_validacao.png  used on input line 
27.
(pdftex.def)             Requested size: 455.0pt x 205.66087pt.
 [20pdfTeX warning (ext4): destination with the same identifier (name{figure.3.
8}) has been already used, duplicate ignored
<argument> ...shipout:D \box_use:N \l_shipout_box 
                                                  \__shipout_drop_firstpage_...
l.31 \newpage
              <./dados/figuras/ER_Horario_INCREMENTO3.png>]
<./dados/figuras/sql_grade.png, id=456, 833.1125pt x 571.13374pt>
File: ./dados/figuras/sql_grade.png Graphic file (type png)
<use ./dados/figuras/sql_grade.png>
Package pdftex.def Info: ./dados/figuras/sql_grade.png  used on input line 38.
(pdftex.def)             Requested size: 318.49861pt x 218.3403pt.
<./dados/figuras/ConsultaGrade.png, id=458, 846.16125pt x 665.48625pt>
File: ./dados/figuras/ConsultaGrade.png Graphic file (type png)
<use ./dados/figuras/ConsultaGrade.png>
Package pdftex.def Info: ./dados/figuras/ConsultaGrade.png  used on input line 
48.
(pdftex.def)             Requested size: 318.49861pt x 250.49094pt.
)
(./estrutura/textuais/incrementos/incremento4.tex [21pdfTeX warning (ext4): des
tination with the same identifier (name{figure.3.9}) has been already used, dup
licate ignored
<argument> ...shipout:D \box_use:N \l_shipout_box 
                                                  \__shipout_drop_firstpage_...
l.6 
    pdfTeX warning (ext4): destination with the same identifier (name{figure.3.
10}) has been already used, duplicate ignored
<argument> ...shipout:D \box_use:N \l_shipout_box 
                                                  \__shipout_drop_firstpage_...
l.6 
     <./dados/figuras/sql_validacao.png> <./dados/figuras/sql_grade.png>]
<./dados/figuras/diagrama_uc.png, id=466, 1098.1025pt x 1567.8575pt>
File: ./dados/figuras/diagrama_uc.png Graphic file (type png)
<use ./dados/figuras/diagrama_uc.png>
Package pdftex.def Info: ./dados/figuras/diagrama_uc.png  used on input line 12
.
(pdftex.def)             Requested size: 295.74722pt x 422.25063pt.

[22pdfTeX warning (ext4): destination with the same identifier (name{figure.3.1
1}) has been already used, duplicate ignored
<argument> ...shipout:D \box_use:N \l_shipout_box 
                                                  \__shipout_drop_firstpage_...
l.16 \newpage
              <./dados/figuras/ConsultaGrade.png>]
<./dados/figuras/tela_configuracoes.png, id=474, 1927.2pt x 966.61125pt>
File: ./dados/figuras/tela_configuracoes.png Graphic file (type png)
<use ./dados/figuras/tela_configuracoes.png>
Package pdftex.def Info: ./dados/figuras/tela_configuracoes.png  used on input 
line 23.
(pdftex.def)             Requested size: 364.00139pt x 182.56659pt.
 [23pdfTeX warning (ext4): destination with the same identifier (name{figure.3.
12}) has been already used, duplicate ignored
<argument> ...shipout:D \box_use:N \l_shipout_box 
                                                  \__shipout_drop_firstpage_...
l.28 
      <./dados/figuras/diagrama_uc.png>]
<./dados/figuras/tela_estrutura1.png, id=481, 1927.2pt x 966.61125pt>
File: ./dados/figuras/tela_estrutura1.png Graphic file (type png)
<use ./dados/figuras/tela_estrutura1.png>
Package pdftex.def Info: ./dados/figuras/tela_estrutura1.png  used on input lin
e 34.
(pdftex.def)             Requested size: 364.00139pt x 182.56659pt.
 [24pdfTeX warning (ext4): destination with the same identifier (name{figure.3.
13}) has been already used, duplicate ignored
<argument> ...shipout:D \box_use:N \l_shipout_box 
                                                  \__shipout_drop_firstpage_...
l.38 \newpage
             pdfTeX warning (ext4): destination with the same identifier (name{
figure.3.14}) has been already used, duplicate ignored
<argument> ...shipout:D \box_use:N \l_shipout_box 
                                                  \__shipout_drop_firstpage_...
l.38 \newpage
              <./dados/figuras/tela_configuracoes.png> <./dados/figuras/tela_es
trutura1.png>]
<./dados/figuras/tela_estrutura2.png, id=490, 1927.2pt x 966.61125pt>
File: ./dados/figuras/tela_estrutura2.png Graphic file (type png)
<use ./dados/figuras/tela_estrutura2.png>
Package pdftex.def Info: ./dados/figuras/tela_estrutura2.png  used on input lin
e 45.
(pdftex.def)             Requested size: 364.00139pt x 182.56659pt.
<./dados/figuras/tela_aulas.png, id=492, 1927.2pt x 966.61125pt>
File: ./dados/figuras/tela_aulas.png Graphic file (type png)
<use ./dados/figuras/tela_aulas.png>
Package pdftex.def Info: ./dados/figuras/tela_aulas.png  used on input line 55.

(pdftex.def)             Requested size: 364.00139pt x 182.56659pt.
 [25pdfTeX warning (ext4): destination with the same identifier (name{figure.3.
15}) has been already used, duplicate ignored
<argument> ...shipout:D \box_use:N \l_shipout_box 
                                                  \__shipout_drop_firstpage_...
l.59 \newpage
             pdfTeX warning (ext4): destination with the same identifier (name{
figure.3.16}) has been already used, duplicate ignored
<argument> ...shipout:D \box_use:N \l_shipout_box 
                                                  \__shipout_drop_firstpage_...
l.59 \newpage
              <./dados/figuras/tela_estrutura2.png> <./dados/figuras/tela_aulas
.png>]
<./dados/figuras/restricoes_nova.png, id=500, 1926.19624pt x 970.62625pt>
File: ./dados/figuras/restricoes_nova.png Graphic file (type png)
<use ./dados/figuras/restricoes_nova.png>
Package pdftex.def Info: ./dados/figuras/restricoes_nova.png  used on input lin
e 66.
(pdftex.def)             Requested size: 364.00139pt x 183.41379pt.
<./dados/figuras/tela_regioes.png, id=502, 1926.19624pt x 970.62625pt>
File: ./dados/figuras/tela_regioes.png Graphic file (type png)
<use ./dados/figuras/tela_regioes.png>
Package pdftex.def Info: ./dados/figuras/tela_regioes.png  used on input line 7
6.
(pdftex.def)             Requested size: 364.00139pt x 183.41379pt.
<./dados/figuras/tela_minimos_maximos.png, id=504, 1926.19624pt x 970.62625pt>
File: ./dados/figuras/tela_minimos_maximos.png Graphic file (type png)
<use ./dados/figuras/tela_minimos_maximos.png>
Package pdftex.def Info: ./dados/figuras/tela_minimos_maximos.png  used on inpu
t line 86.
(pdftex.def)             Requested size: 364.00139pt x 183.41379pt.
<./dados/figuras/tela_horarios.png, id=506, 1927.2pt x 966.61125pt>
File: ./dados/figuras/tela_horarios.png Graphic file (type png)
<use ./dados/figuras/tela_horarios.png>
Package pdftex.def Info: ./dados/figuras/tela_horarios.png  used on input line 
96.
(pdftex.def)             Requested size: 364.00139pt x 182.56659pt.
 [26pdfTeX warning (ext4): destination with the same identifier (name{figure.3.
17}) has been already used, duplicate ignored
<argument> ...shipout:D \box_use:N \l_shipout_box 
                                                  \__shipout_drop_firstpage_...
l.100 \newpage
              pdfTeX warning (ext4): destination with the same identifier (name
{figure.3.18}) has been already used, duplicate ignored
<argument> ...shipout:D \box_use:N \l_shipout_box 
                                                  \__shipout_drop_firstpage_...
l.100 \newpage
               <./dados/figuras/restricoes_nova.png> <./dados/figuras/tela_regi
oes.png>]) (./estrutura/textuais/incrementos/incremento5.tex [27pdfTeX warning 
(ext4): destination with the same identifier (name{figure.3.19}) has been alrea
dy used, duplicate ignored
<argument> ...shipout:D \box_use:N \l_shipout_box 
                                                  \__shipout_drop_firstpage_...
l.16 
     pdfTeX warning (ext4): destination with the same identifier (name{figure.3
.20}) has been already used, duplicate ignored
<argument> ...shipout:D \box_use:N \l_shipout_box 
                                                  \__shipout_drop_firstpage_...
l.16 
      <./dados/figuras/tela_minimos_maximos.png> <./dados/figuras/tela_horarios
.png>]
<./dados/figuras/ER_horario_INCREMENTO5.png, id=526, 1757.56625pt x 1215.54124p
t>
File: ./dados/figuras/ER_horario_INCREMENTO5.png Graphic file (type png)
<use ./dados/figuras/ER_horario_INCREMENTO5.png>
Package pdftex.def Info: ./dados/figuras/ER_horario_INCREMENTO5.png  used on in
put line 20.
(pdftex.def)             Requested size: 455.0pt x 314.67929pt.
<./dados/figuras/telaLogin.png, id=528, 461.8053pt x 232.4685pt>
File: ./dados/figuras/telaLogin.png Graphic file (type png)
<use ./dados/figuras/telaLogin.png>
Package pdftex.def Info: ./dados/figuras/telaLogin.png  used on input line 31.
(pdftex.def)             Requested size: 455.0pt x 229.05199pt.
 [28pdfTeX warning (ext4): destination with the same identifier (name{figure.3.
21}) has been already used, duplicate ignored
<argument> ...shipout:D \box_use:N \l_shipout_box 
                                                  \__shipout_drop_firstpage_...
l.36 
      <./dados/figuras/ER_horario_INCREMENTO5.png>]
<./dados/figuras/register.png, id=536, 1421.31pt x 1653.17625pt>
File: ./dados/figuras/register.png Graphic file (type png)
<use ./dados/figuras/register.png>
Package pdftex.def Info: ./dados/figuras/register.png  used on input line 45.
(pdftex.def)             Requested size: 364.00139pt x 423.38321pt.
 [29pdfTeX warning (ext4): destination with the same identifier (name{figure.3.
22}) has been already used, duplicate ignored
<argument> ...shipout:D \box_use:N \l_shipout_box 
                                                  \__shipout_drop_firstpage_...
l.50 
      <./dados/figuras/telaLogin.png>]
<./dados/figuras/login.png, id=543, 1431.3475pt x 1134.2375pt>
File: ./dados/figuras/login.png Graphic file (type png)
<use ./dados/figuras/login.png>
Package pdftex.def Info: ./dados/figuras/login.png  used on input line 56.
(pdftex.def)             Requested size: 364.00139pt x 288.43927pt.
 [30pdfTeX warning (ext4): destination with the same identifier (name{figure.3.
23}) has been already used, duplicate ignored
<argument> ...shipout:D \box_use:N \l_shipout_box 
                                                  \__shipout_drop_firstpage_...
l.61 
      <./dados/figuras/register.png>]
<./dados/figuras/authMiddleware.png, id=550, 1210.5225pt x 686.565pt>
File: ./dados/figuras/authMiddleware.png Graphic file (type png)
<use ./dados/figuras/authMiddleware.png>
Package pdftex.def Info: ./dados/figuras/authMiddleware.png  used on input line
 68.
(pdftex.def)             Requested size: 364.00139pt x 206.4425pt.
 [31pdfTeX warning (ext4): destination with the same identifier (name{figure.3.
24}) has been already used, duplicate ignored
<argument> ...shipout:D \box_use:N \l_shipout_box 
                                                  \__shipout_drop_firstpage_...
l.73 
      <./dados/figuras/login.png>]
<./dados/figuras/configMiddleware.png, id=557, 1465.475pt x 1021.8175pt>
File: ./dados/figuras/configMiddleware.png Graphic file (type png)
<use ./dados/figuras/configMiddleware.png>
Package pdftex.def Info: ./dados/figuras/configMiddleware.png  used on input li
ne 79.
(pdftex.def)             Requested size: 364.00139pt x 253.80103pt.
 [32pdfTeX warning (ext4): destination with the same identifier (name{figure.3.
25}) has been already used, duplicate ignored
<argument> ...shipout:D \box_use:N \l_shipout_box 
                                                  \__shipout_drop_firstpage_...
l.84 
     pdfTeX warning (ext4): destination with the same identifier (name{figure.3
.26}) has been already used, duplicate ignored
<argument> ...shipout:D \box_use:N \l_shipout_box 
                                                  \__shipout_drop_firstpage_...
l.84 
      <./dados/figuras/authMiddleware.png> <./dados/figuras/configMiddleware.pn
g>]) (./estrutura/textuais/incrementos/incremento6.tex
<./dados/figuras/ER_horario_INCREMENTO6.png, id=566, 1757.56625pt x 1245.65375p
t>
File: ./dados/figuras/ER_horario_INCREMENTO6.png Graphic file (type png)
<use ./dados/figuras/ER_horario_INCREMENTO6.png>
Package pdftex.def Info: ./dados/figuras/ER_horario_INCREMENTO6.png  used on in
put line 21.
(pdftex.def)             Requested size: 455.0pt x 322.47481pt.
 [33]
<./dados/figuras/alteracaoEstrutura.png, id=576, 1923.185pt x 970.62625pt>
File: ./dados/figuras/alteracaoEstrutura.png Graphic file (type png)
<use ./dados/figuras/alteracaoEstrutura.png>
Package pdftex.def Info: ./dados/figuras/alteracaoEstrutura.png  used on input 
line 33.
(pdftex.def)             Requested size: 295.74722pt x 149.26067pt.
 [34pdfTeX warning (ext4): destination with the same identifier (name{figure.3.
27}) has been already used, duplicate ignored
<argument> ...shipout:D \box_use:N \l_shipout_box 
                                                  \__shipout_drop_firstpage_...
l.38 
     pdfTeX warning (ext4): destination with the same identifier (name{figure.3
.28}) has been already used, duplicate ignored
<argument> ...shipout:D \box_use:N \l_shipout_box 
                                                  \__shipout_drop_firstpage_...
l.38 
      <./dados/figuras/ER_horario_INCREMENTO6.png> <./dados/figuras/alteracaoEs
trutura.png>]
<./dados/figuras/alteracaoAulas.png, id=585, 1923.185pt x 970.62625pt>
File: ./dados/figuras/alteracaoAulas.png Graphic file (type png)
<use ./dados/figuras/alteracaoAulas.png>
Package pdftex.def Info: ./dados/figuras/alteracaoAulas.png  used on input line
 44.
(pdftex.def)             Requested size: 295.74722pt x 149.26067pt.
<./dados/figuras/alteracaoHorarios.png, id=587, 1923.185pt x 970.62625pt>
File: ./dados/figuras/alteracaoHorarios.png Graphic file (type png)
<use ./dados/figuras/alteracaoHorarios.png>
Package pdftex.def Info: ./dados/figuras/alteracaoHorarios.png  used on input l
ine 54.
(pdftex.def)             Requested size: 295.74722pt x 149.26067pt.
 [35pdfTeX warning (ext4): destination with the same identifier (name{figure.3.
29}) has been already used, duplicate ignored
<argument> ...shipout:D \box_use:N \l_shipout_box 
                                                  \__shipout_drop_firstpage_...
l.66 
     pdfTeX warning (ext4): destination with the same identifier (name{figure.3
.30}) has been already used, duplicate ignored
<argument> ...shipout:D \box_use:N \l_shipout_box 
                                                  \__shipout_drop_firstpage_...
l.66 
      <./dados/figuras/alteracaoAulas.png> <./dados/figuras/alteracaoHorarios.p
ng>]) [36] [37pdfTeX warning (ext4): destination with the same identifier (name
{algocf.3}) has been already used, duplicate ignored
<argument> ...shipout:D \box_use:N \l_shipout_box 
                                                  \__shipout_drop_firstpage_...
l.51 ...tura/textuais/incrementos/incremento6.tex}
                                                  ]
(./estrutura/textuais/incrementos/incremento7.tex
<./dados/figuras/erroValidacao.png, id=605, 133.6995pt x 37.5804pt>
File: ./dados/figuras/erroValidacao.png Graphic file (type png)
<use ./dados/figuras/erroValidacao.png>
Package pdftex.def Info: ./dados/figuras/erroValidacao.png  used on input line 
22.
(pdftex.def)             Requested size: 455.0pt x 127.90292pt.
) [38pdfTeX warning (ext4): destination with the same identifier (name{figure.3
.31}) has been already used, duplicate ignored
<argument> ...shipout:D \box_use:N \l_shipout_box 
                                                  \__shipout_drop_firstpage_...
l.52 ...tura/textuais/incrementos/incremento7.tex}
                                                   <./dados/figuras/erroValidac
ao.png>] (./estrutura/textuais/incrementos/incremento8.tex
<./dados/figuras/gradeExportada.png, id=619, 254.6313pt x 142.3719pt>
File: ./dados/figuras/gradeExportada.png Graphic file (type png)
<use ./dados/figuras/gradeExportada.png>
Package pdftex.def Info: ./dados/figuras/gradeExportada.png  used on input line
 10.
(pdftex.def)             Requested size: 455.0pt x 254.4096pt.
<./dados/figuras/botoes_grade.png, id=621, 1934.22626pt x 965.6075pt>
File: ./dados/figuras/botoes_grade.png Graphic file (type png)
<use ./dados/figuras/botoes_grade.png>
Package pdftex.def Info: ./dados/figuras/botoes_grade.png  used on input line 2
0.
(pdftex.def)             Requested size: 455.0pt x 227.1388pt.
 [39pdfTeX warning (ext4): destination with the same identifier (name{figure.3.
32}) has been already used, duplicate ignored
<argument> ...shipout:D \box_use:N \l_shipout_box 
                                                  \__shipout_drop_firstpage_...
l.25 
      <./dados/figuras/gradeExportada.png>]
<./dados/figuras/informacoes_horario.png, id=628, 1934.22626pt x 965.6075pt>
File: ./dados/figuras/informacoes_horario.png Graphic file (type png)
<use ./dados/figuras/informacoes_horario.png>
Package pdftex.def Info: ./dados/figuras/informacoes_horario.png  used on input
 line 31.
(pdftex.def)             Requested size: 455.0pt x 227.1388pt.
)) [40pdfTeX warning (ext4): destination with the same identifier (name{figure.
3.33}) has been already used, duplicate ignored
<argument> ...shipout:D \box_use:N \l_shipout_box 
                                                  \__shipout_drop_firstpage_...
l.71 ...tura/textuais/desenvolvimento/metodologia}
                                                                     % Metod...
pdfTeX warning (ext4): destination with the same identifier (name{figure.3.34})
 has been already used, duplicate ignored
<argument> ...shipout:D \box_use:N \l_shipout_box 
                                                  \__shipout_drop_firstpage_...
l.71 ...tura/textuais/desenvolvimento/metodologia}
                                                                     % Metod...
 <./dados/figuras/botoes_grade.png> <./dados/figuras/informacoes_horario.png>]
\openout2 = `estrutura/textuais/desenvolvimento/resultados.aux'.


(./estrutura/textuais/desenvolvimento/resultados.tex
Overfull \hbox (4.81711pt too wide) in paragraph at lines 25--25
[]|\T1/aess/bx/n/12 (-20) 6\TS1/aess/b/n/12 (-20) \T1/aess/bx/n/12 (-20) Ano| 

 []


Overfull \hbox (4.81711pt too wide) in paragraph at lines 25--25
[]|\T1/aess/bx/n/12 (-20) 7\TS1/aess/b/n/12 (-20) \T1/aess/bx/n/12 (-20) Ano| 

 []


Overfull \hbox (4.81711pt too wide) in paragraph at lines 25--25
[]|\T1/aess/bx/n/12 (-20) 8\TS1/aess/b/n/12 (-20) \T1/aess/bx/n/12 (-20) Ano| 

 []


Overfull \hbox (4.81711pt too wide) in paragraph at lines 25--25
[]|\T1/aess/bx/n/12 (-20) 9\TS1/aess/b/n/12 (-20) \T1/aess/bx/n/12 (-20) Ano| 

 []


Overfull \hbox (2.15921pt too wide) in paragraph at lines 25--25
[]|\T1/aess/bx/n/12 (-20) 1\TS1/aess/b/n/12 (-20) \T1/aess/bx/n/12 (-20) EM| 
 []


Overfull \hbox (2.15921pt too wide) in paragraph at lines 25--25
[]|\T1/aess/bx/n/12 (-20) 2\TS1/aess/b/n/12 (-20) \T1/aess/bx/n/12 (-20) EM| 
 []


Overfull \hbox (2.15921pt too wide) in paragraph at lines 25--26
[]|\T1/aess/bx/n/12 (-20) 3\TS1/aess/b/n/12 (-20) \T1/aess/bx/n/12 (-20) EM| 
 []

[41




pdfTeX warning (ext4): destination with the same identifier (name{quadro.4.4}) 
has been already used, duplicate ignored
<argument> ...shipout:D \box_use:N \l_shipout_box 
                                                  \__shipout_drop_firstpage_...
l.74 
     ]
<./dados/figuras/aulas_validacao.png, id=650, 912.40875pt x 767.86874pt>
File: ./dados/figuras/aulas_validacao.png Graphic file (type png)
<use ./dados/figuras/aulas_validacao.png>
Package pdftex.def Info: ./dados/figuras/aulas_validacao.png  used on input lin
e 78.
(pdftex.def)             Requested size: 455.0pt x 382.91408pt.

Overfull \hbox (7.03676pt too wide) in paragraph at lines 85--86
[]\T1/aess/m/n/12 (-20) Para que o teste con-tem-plasse as di-ver-sas m-tri-ca
s de qua-li-dade do sis-tema, configuraram-
 []

<./dados/figuras/constantes_configuradas.png, id=651, 809.0225pt x 856.19875pt>

File: ./dados/figuras/constantes_configuradas.png Graphic file (type png)
<use ./dados/figuras/constantes_configuradas.png>
Package pdftex.def Info: ./dados/figuras/constantes_configuradas.png  used on i
nput line 90.
(pdftex.def)             Requested size: 455.0pt x 481.53223pt.
<./dados/figuras/restricoes_configuradas.png, id=652, 607.26875pt x 820.06375pt
>
File: ./dados/figuras/restricoes_configuradas.png Graphic file (type png)
<use ./dados/figuras/restricoes_configuradas.png>
Package pdftex.def Info: ./dados/figuras/restricoes_configuradas.png  used on i
nput line 98.
(pdftex.def)             Requested size: 455.0pt x 614.44568pt.
<./dados/figuras/regioes_configuradas_manha.png, id=653, 1927.2pt x 970.62625pt
>
File: ./dados/figuras/regioes_configuradas_manha.png Graphic file (type png)
<use ./dados/figuras/regioes_configuradas_manha.png>
Package pdftex.def Info: ./dados/figuras/regioes_configuradas_manha.png  used o
n input line 106.
(pdftex.def)             Requested size: 455.0pt x 229.14874pt.
<./dados/figuras/regioes_configuradas_tarde.png, id=654, 1927.2pt x 970.62625pt
>
File: ./dados/figuras/regioes_configuradas_tarde.png Graphic file (type png)
<use ./dados/figuras/regioes_configuradas_tarde.png>
Package pdftex.def Info: ./dados/figuras/regioes_configuradas_tarde.png  used o
n input line 114.
(pdftex.def)             Requested size: 455.0pt x 229.14874pt.
File: ./dados/figuras/minimos_configurados.png Graphic file (type png)
<use ./dados/figuras/minimos_configurados.png>
Package pdftex.def Info: ./dados/figuras/minimos_configurados.png  used on inpu
t line 122.
(pdftex.def)             Requested size: 455.0pt x 165.8781pt.
[42pdfTeX warning (ext4): destination with the same identifier (name{figure.4.3
5}) has been already used, duplicate ignored
<argument> ...shipout:D \box_use:N \l_shipout_box 
                                                  \__shipout_drop_firstpage_...
l.127 
       <./dados/figuras/aulas_validacao.png>] [43pdfTeX warning (ext4): destina
tion with the same identifier (name{figure.4.36}) has been already used, duplic
ate ignored
<argument> ...shipout:D \box_use:N \l_shipout_box 
                                                  \__shipout_drop_firstpage_...
l.127 
       <./dados/figuras/constantes_configuradas.png>] [44pdfTeX warning (ext4):
 destination with the same identifier (name{figure.4.37}) has been already used
, duplicate ignored
<argument> ...shipout:D \box_use:N \l_shipout_box 
                                                  \__shipout_drop_firstpage_...
l.127 
       <./dados/figuras/restricoes_configuradas.png>] [45pdfTeX warning (ext4):
 destination with the same identifier (name{figure.4.38}) has been already used
, duplicate ignored
<argument> ...shipout:D \box_use:N \l_shipout_box 
                                                  \__shipout_drop_firstpage_...
l.127 
      pdfTeX warning (ext4): destination with the same identifier (name{figure.
4.39}) has been already used, duplicate ignored
<argument> ...shipout:D \box_use:N \l_shipout_box 
                                                  \__shipout_drop_firstpage_...
l.127 
       <./dados/figuras/regioes_configuradas_manha.png> <./dados/figuras/regioe
s_configuradas_tarde.png>]
<./dados/figuras/horarios_gerados_validacao.png, id=684, 1927.2pt x 653.44125pt
>
File: ./dados/figuras/horarios_gerados_validacao.png Graphic file (type png)
<use ./dados/figuras/horarios_gerados_validacao.png>
Package pdftex.def Info: ./dados/figuras/horarios_gerados_validacao.png  used o
n input line 141.
(pdftex.def)             Requested size: 455.0pt x 154.26663pt.
 [46pdfTeX warning (ext4): destination with the same identifier (name{figure.4.
40}) has been already used, duplicate ignored
<argument> ...shipout:D \box_use:N \l_shipout_box 
                                                  \__shipout_drop_firstpage_...
l.146 
      ]
<./dados/figuras/horario_exportado_manha.png, id=701, 342.8007pt x 209.1012pt>
File: ./dados/figuras/horario_exportado_manha.png Graphic file (type png)
<use ./dados/figuras/horario_exportado_manha.png>
Package pdftex.def Info: ./dados/figuras/horario_exportado_manha.png  used on i
nput line 152.
(pdftex.def)             Requested size: 455.0pt x 277.55229pt.
<./dados/figuras/planilha_exportada_manha.png, id=702, 316.0608pt x 141.4083pt>

File: ./dados/figuras/planilha_exportada_manha.png Graphic file (type png)
<use ./dados/figuras/planilha_exportada_manha.png>
Package pdftex.def Info: ./dados/figuras/planilha_exportada_manha.png  used on 
input line 209.
(pdftex.def)             Requested size: 455.0pt x 203.58891pt.
<./dados/figuras/planilha_exportada_tarde.png, id=703, 315.579pt x 141.6492pt>
File: ./dados/figuras/planilha_exportada_tarde.png Graphic file (type png)
<use ./dados/figuras/planilha_exportada_tarde.png>
Package pdftex.def Info: ./dados/figuras/planilha_exportada_tarde.png  used on 
input line 217.
(pdftex.def)             Requested size: 455.0pt x 204.23834pt.
 [47pdfTeX warning (ext4): destination with the same identifier (name{figure.4.
41}) has been already used, duplicate ignored
<argument> ...shipout:D \box_use:N \l_shipout_box 
                                                  \__shipout_drop_firstpage_...
l.222 
      pdfTeX warning (ext4): destination with the same identifier (name{figure.
4.42}) has been already used, duplicate ignored
<argument> ...shipout:D \box_use:N \l_shipout_box 
                                                  \__shipout_drop_firstpage_...
l.222 
       <./dados/figuras/horarios_gerados_validacao.png> <./dados/figuras/horari
o_exportado_manha.png>] [48pdfTeX warning (ext4): destination with the same ide
ntifier (name{quadro.4.5}) has been already used, duplicate ignored
<argument> ...shipout:D \box_use:N \l_shipout_box 
                                                  \__shipout_drop_firstpage_...
l.222 
      pdfTeX warning (ext4): destination with the same identifier (name{figure.
4.43}) has been already used, duplicate ignored
<argument> ...shipout:D \box_use:N \l_shipout_box 
                                                  \__shipout_drop_firstpage_...
l.222 
       <./dados/figuras/planilha_exportada_manha.png>]) [49pdfTeX warning (ext4
): destination with the same identifier (name{figure.4.44}) has been already us
ed, duplicate ignored
<argument> ...shipout:D \box_use:N \l_shipout_box 
                                                  \__shipout_drop_firstpage_...
l.72 ...utura/textuais/desenvolvimento/resultados}
                                                                      % Resu...
 <./dados/figuras/planilha_exportada_tarde.png>]
\openout2 = `estrutura/textuais/conclusao.aux'.


(./estrutura/textuais/conclusao.tex) [50




]
\openout2 = `estrutura/pos-textuais/referencias.aux'.


(./estrutura/pos-textuais/referencias.tex (./utfpr-tcc.bbl (./utfpr-tcc.brf)
\tf@brf=\write5
\openout5 = `utfpr-tcc.brf'.


bibitemlist
)) [51




] 
AED: lastpage setting LastPage
\tf@lof=\write6
\openout6 = `utfpr-tcc.lof'.

\tf@loq=\write7
\openout7 = `utfpr-tcc.loq'.

\tf@loa=\write8
\openout8 = `utfpr-tcc.loa'.

\tf@toc=\write9
\openout9 = `utfpr-tcc.toc'.

(./utfpr-tcc.aux (./estrutura/pre-textuais/resumo.aux)
(./estrutura/pre-textuais/abstract.aux)
(./estrutura/pre-textuais/listas/listas-ilustracoes/lista-figuras.aux)
(./estrutura/pre-textuais/listas/listas-ilustracoes/lista-quadros.aux)
(./estrutura/pre-textuais/listas/listas-diversas/lista-algoritmos.aux)
(./estrutura/pre-textuais/sumario.aux) (./estrutura/textuais/introducao.aux)
(./estrutura/textuais/desenvolvimento/revisao-de-literatura.aux)
(./estrutura/textuais/desenvolvimento/metodologia.aux)
(./estrutura/textuais/desenvolvimento/resultados.aux)
(./estrutura/textuais/conclusao.aux) (./estrutura/pos-textuais/referencias.aux)
)

LaTeX Font Warning: Some font shapes were not available, defaults substituted.


LaTeX Warning: There were undefined references.

Package rerunfilecheck Info: File `utfpr-tcc.brf' has not changed.
(rerunfilecheck)             Checksum: E4A81BB97E87D8025B2DAAF97E8BC29B;927.
 ) 
Here is how much of TeX's memory you used:
 22973 strings out of 478287
 386969 string characters out of 5849289
 928006 words of memory out of 5000000
 39819 multiletter control sequences out of 15000+600000
 544371 words of font info for 539 fonts, out of 8000000 for 9000
 1143 hyphenation exceptions out of 8191
 89i,19n,107p,1632b,567s stack positions out of 5000i,500n,10000p,200000b,80000s
{/usr/share/texmf/fonts/enc/dvips/cm-super/cm-super-ts1.enc}</usr/share/texli
ve/texmf-dist/fonts/type1/public/amsfonts/cm/cmmi12.pfb></usr/share/texlive/tex
mf-dist/fonts/type1/public/amsfonts/cm/cmmi8.pfb></usr/share/texlive/texmf-dist
/fonts/type1/public/amsfonts/cm/cmr12.pfb></usr/share/texlive/texmf-dist/fonts/
type1/public/amsfonts/cm/cmss10.pfb></usr/share/texlive/texmf-dist/fonts/type1/
public/amsfonts/cm/cmss12.pfb></usr/share/texlive/texmf-dist/fonts/type1/public
/amsfonts/cm/cmss8.pfb></usr/share/texlive/texmf-dist/fonts/type1/public/amsfon
ts/cm/cmssbx10.pfb></usr/share/texlive/texmf-dist/fonts/type1/public/amsfonts/c
m/cmssi10.pfb></usr/share/texlive/texmf-dist/fonts/type1/public/amsfonts/cm/cms
si12.pfb></usr/share/texlive/texmf-dist/fonts/type1/public/amsfonts/cm/cmsy10.p
fb></usr/share/texlive/texmf-dist/fonts/type1/public/amsfonts/cm/cmsy8.pfb></us
r/share/texmf/fonts/type1/public/cm-super/sfrm1200.pfb>
Output written on utfpr-tcc.pdf (60 pages, 4464656 bytes).
PDF statistics:
 1031 PDF objects out of 1200 (max. 8388607)
 848 compressed objects within 9 object streams
 228 named destinations out of 1000 (max. 500000)
 86125 words of extra memory for PDF output out of 89155 (max. 10000000)

